<?xml version="1.0" encoding="UTF-8"?>
<!-- Generated by org.testng.reporters.JUnitXMLReporter -->
<testsuite hostname="info-lap668" name="Transfer" tests="9" failures="1" timestamp="20 Sep 2020 03:39:55 GMT" time="0.045" errors="0">
  <testcase name="testd" time="0.008" classname="selTestNG.AnnotationsInTestNG">
    <failure type="java.lang.AssertionError" message="null">
      <![CDATA[java.lang.AssertionError: null
	at selTestNG.AnnotationsInTestNG.testd(AnnotationsInTestNG.java:79)
... Removed 26 stack frames]]>
    </failure>
  </testcase> <!-- testd -->
  <testcase name="testm" time="0.001" classname="selTestNG.AnnotationsInTestNG"/>
  <testcase name="tests" time="0.001" classname="selTestNG.AnnotationsInTestNG"/>
  <testcase name="testb" time="0.0" classname="selTestNG.AnnotationsInTestNG"/>
  <testcase name="testa" time="0.002" classname="selTestNG.AnnotationsInTestNG"/>
  <testcase name="addKart" time="0.001" classname="selTestNG.TestMultiplefile"/>
  <testcase name="login" time="0.001" classname="selTestNG.TestMultiplefile"/>
  <testcase name="payment" time="0.001" classname="selTestNG.TestMultiplefile"/>
  <testcase name="search" time="0.001" classname="selTestNG.TestMultiplefile"/>
</testsuite> <!-- Transfer -->
