<?xml version="1.0" encoding="UTF-8"?>
<!-- Generated by org.testng.reporters.JUnitXMLReporter -->
<testsuite hostname="info-lap668" name="Transfer" tests="5" failures="1" timestamp="19 Sep 2020 04:18:57 GMT" time="0.03" errors="0">
  <testcase name="testd" time="0.01" classname="selTestNG.AnnotationsInTestNG">
    <failure type="java.lang.AssertionError" message="null">
      <![CDATA[java.lang.AssertionError: null
	at selTestNG.AnnotationsInTestNG.testd(AnnotationsInTestNG.java:41)
... Removed 26 stack frames]]>
    </failure>
  </testcase> <!-- testd -->
  <testcase name="testm" time="0.001" classname="selTestNG.AnnotationsInTestNG"/>
  <testcase name="tests" time="0.001" classname="selTestNG.AnnotationsInTestNG"/>
  <testcase name="testb" time="0.001" classname="selTestNG.AnnotationsInTestNG"/>
  <testcase name="testa" time="0.001" classname="selTestNG.AnnotationsInTestNG"/>
</testsuite> <!-- Transfer -->
